TN:
SF:script/01_Deploy.s.sol
FN:21,DeployBridgeModuleScript.setUp
FNDA:0,DeployBridgeModuleScript.setUp
DA:22,0
DA:23,0
FN:26,DeployBridgeModuleScript.run
FNDA:0,DeployBridgeModuleScript.run
DA:28,0
DA:35,0
FNF:2
FNH:0
LF:4
LH:0
BRF:0
BRH:0
end_of_record
TN:
SF:src/BridgeDiamond.sol
FN:32,BridgeDiamond.
FNDA:43071,BridgeDiamond.
DA:33,43071
DA:34,43071
DA:37,43071
DA:40,43071
DA:41,43071
BRDA:41,0,0,-
BRDA:41,0,1,43071
FNF:1
FNH:1
LF:5
LH:5
BRF:2
BRH:1
end_of_record
TN:
SF:src/dependencies/ecdsa/ECDSA.sol
FN:22,ECDSA.verify
FNDA:516,ECDSA.verify
DA:23,516
BRDA:23,0,0,-
BRDA:23,0,1,516
DA:24,516
BRDA:24,1,0,250
BRDA:24,1,1,266
DA:25,266
DA:26,266
BRDA:26,2,0,6
BRDA:26,2,1,260
DA:27,260
BRDA:27,3,0,-
BRDA:27,3,1,260
DA:31,260
DA:32,260
DA:33,260
BRDA:33,4,0,256
BRDA:33,4,1,4
DA:34,256
DA:39,4
DA:40,4
DA:42,4
DA:44,4
DA:46,4
DA:48,4
DA:50,4
BRDA:50,5,0,-
BRDA:50,5,1,4
DA:51,0
FNF:1
FNH:1
LF:17
LH:16
BRF:12
BRH:9
end_of_record
TN:
SF:src/dependencies/ecdsa/EllipticCurve.sol
FN:39,EllipticCurve.invMod
FNDA:0,EllipticCurve.invMod
DA:40,0
BRDA:40,0,0,-
BRDA:40,0,1,-
DA:41,0
DA:42,0
DA:43,0
DA:44,0
DA:45,0
DA:46,0
DA:47,0
DA:48,0
DA:51,0
FN:60,EllipticCurve.expMod
FNDA:0,EllipticCurve.expMod
DA:61,0
BRDA:61,1,0,-
BRDA:61,1,1,-
DA:63,0
BRDA:63,2,0,-
BRDA:63,2,1,-
DA:64,0
DA:66,0
BRDA:66,3,0,-
BRDA:66,3,1,-
DA:67,0
DA:70,0
DA:71,0
DA:82,0
FN:91,EllipticCurve.toAffine
FNDA:0,EllipticCurve.toAffine
DA:92,0
DA:93,0
DA:94,0
DA:95,0
DA:97,0
FN:107,EllipticCurve.deriveY
FNDA:0,EllipticCurve.deriveY
DA:112,0
BRDA:112,4,0,-
BRDA:112,4,1,-
DA:115,0
DA:116,0
DA:118,0
DA:120,0
FN:130,EllipticCurve.isOnCurve
FNDA:0,EllipticCurve.isOnCurve
DA:131,0
BRDA:131,5,0,-
BRDA:131,5,1,-
DA:132,0
DA:135,0
DA:137,0
DA:138,0
BRDA:138,6,0,-
BRDA:138,6,1,-
DA:140,0
DA:142,0
BRDA:142,7,0,-
BRDA:142,7,1,-
DA:144,0
DA:147,0
FN:155,EllipticCurve.ecInv
FNDA:0,EllipticCurve.ecInv
DA:156,0
FN:167,EllipticCurve.ecAdd
FNDA:0,EllipticCurve.ecAdd
DA:172,0
DA:173,0
DA:174,0
DA:177,0
BRDA:177,8,0,-
BRDA:177,8,1,-
DA:179,0
BRDA:179,9,0,-
BRDA:179,9,1,-
DA:180,0
DA:183,0
DA:186,0
DA:189,0
FN:200,EllipticCurve.ecSub
FNDA:0,EllipticCurve.ecSub
DA:206,0
DA:208,0
FN:218,EllipticCurve.ecMul
FNDA:0,EllipticCurve.ecMul
DA:224,0
DA:226,0
FN:238,EllipticCurve.jacAdd
FNDA:0,EllipticCurve.jacAdd
DA:243,0
BRDA:243,10,0,-
BRDA:243,10,1,-
DA:244,0
DA:246,0
BRDA:246,11,0,-
BRDA:246,11,1,-
DA:247,0
DA:251,0
DA:252,0
DA:253,0
DA:254,0
DA:255,0
DA:258,0
DA:261,0
BRDA:261,12,0,-
BRDA:261,12,1,-
DA:263,0
DA:265,0
DA:267,0
DA:269,0
DA:271,0
DA:273,0
DA:274,0
DA:276,0
DA:277,0
DA:279,0
DA:280,0
FN:290,EllipticCurve.jacDouble
FNDA:0,EllipticCurve.jacDouble
DA:295,0
BRDA:295,13,0,-
BRDA:295,13,1,-
DA:296,0
DA:302,0
DA:303,0
DA:304,0
DA:307,0
DA:309,0
DA:314,0
DA:316,0
DA:318,0
DA:320,0
FN:331,EllipticCurve.jacMul
FNDA:0,EllipticCurve.jacMul
DA:337,0
BRDA:337,14,0,-
BRDA:337,14,1,-
DA:338,0
DA:341,0
DA:342,0
DA:343,0
DA:344,0
DA:347,0
DA:348,0
BRDA:348,15,0,-
BRDA:348,15,1,-
DA:349,0
DA:351,0
DA:352,0
DA:354,0
FNF:12
FNH:0
LF:96
LH:0
BRF:32
BRH:0
end_of_record
TN:
SF:src/dependencies/lz/libraries/LzLib.sol
FN:20,LzLib.buildAdapterParams
FNDA:0,LzLib.buildAdapterParams
DA:25,0
BRDA:25,0,0,-
BRDA:25,0,1,-
DA:26,0
DA:28,0
FN:33,LzLib.buildDefaultAdapterParams
FNDA:0,LzLib.buildDefaultAdapterParams
DA:37,0
FN:40,LzLib.buildAirdropAdapterParams
FNDA:0,LzLib.buildAirdropAdapterParams
DA:45,0
BRDA:45,1,0,-
BRDA:45,1,1,-
DA:46,0
BRDA:46,2,0,-
BRDA:46,2,1,-
DA:51,0
FN:54,LzLib.getGasLimit
FNDA:0,LzLib.getGasLimit
DA:55,0
BRDA:55,3,0,-
BRDA:55,3,1,-
DA:57,0
FN:62,LzLib.decodeAdapterParams
FNDA:6,LzLib.decodeAdapterParams
DA:67,6
BRDA:67,4,0,-
BRDA:67,4,1,6
DA:69,6
DA:70,6
DA:72,6
BRDA:72,5,0,-
BRDA:72,5,1,6
DA:73,6
BRDA:73,6,0,-
BRDA:73,6,1,6
DA:75,6
BRDA:75,7,0,-
BRDA:75,7,1,6
DA:77,0
DA:78,0
FN:85,LzLib.bytes32ToAddress
FNDA:0,LzLib.bytes32ToAddress
DA:86,0
FN:89,LzLib.addressToBytes32
FNDA:0,LzLib.addressToBytes32
DA:90,0
FNF:7
FNH:1
LF:19
LH:6
BRF:16
BRH:4
end_of_record
TN:
SF:src/dependencies/lz/util/BytesLib.sol
FN:12,BytesLib.concat
FNDA:0,BytesLib.concat
DA:13,0
DA:18,0
DA:50,0
DA:55,0
DA:58,0
DA:79,0
FN:82,BytesLib.concatStorage
FNDA:0,BytesLib.concatStorage
FN:212,BytesLib.slice
FNDA:0,BytesLib.slice
DA:213,0
BRDA:213,0,0,-
BRDA:213,0,1,-
DA:214,0
BRDA:214,1,0,-
BRDA:214,1,1,-
DA:216,0
DA:268,0
FN:271,BytesLib.toAddress
FNDA:0,BytesLib.toAddress
DA:272,0
BRDA:272,2,0,-
BRDA:272,2,1,-
DA:273,0
DA:276,0
DA:279,0
FN:282,BytesLib.toUint8
FNDA:0,BytesLib.toUint8
DA:283,0
BRDA:283,3,0,-
BRDA:283,3,1,-
DA:284,0
DA:287,0
DA:290,0
FN:293,BytesLib.toUint16
FNDA:0,BytesLib.toUint16
DA:294,0
BRDA:294,4,0,-
BRDA:294,4,1,-
DA:295,0
DA:298,0
DA:301,0
FN:304,BytesLib.toUint32
FNDA:0,BytesLib.toUint32
DA:305,0
BRDA:305,5,0,-
BRDA:305,5,1,-
DA:306,0
DA:309,0
DA:312,0
FN:315,BytesLib.toUint64
FNDA:0,BytesLib.toUint64
DA:316,0
BRDA:316,6,0,-
BRDA:316,6,1,-
DA:317,0
DA:320,0
DA:323,0
FN:326,BytesLib.toUint96
FNDA:0,BytesLib.toUint96
DA:327,0
BRDA:327,7,0,-
BRDA:327,7,1,-
DA:328,0
DA:331,0
DA:334,0
FN:337,BytesLib.toUint128
FNDA:0,BytesLib.toUint128
DA:338,0
BRDA:338,8,0,-
BRDA:338,8,1,-
DA:339,0
DA:342,0
DA:345,0
FN:348,BytesLib.toUint256
FNDA:0,BytesLib.toUint256
DA:349,0
BRDA:349,9,0,-
BRDA:349,9,1,-
DA:350,0
DA:353,0
DA:356,0
FN:359,BytesLib.toBytes32
FNDA:0,BytesLib.toBytes32
DA:360,0
BRDA:360,10,0,-
BRDA:360,10,1,-
DA:361,0
DA:364,0
DA:367,0
FN:370,BytesLib.equal
FNDA:0,BytesLib.equal
DA:371,0
DA:409,0
FN:412,BytesLib.equalStorage
FNDA:0,BytesLib.equalStorage
DA:413,0
DA:474,0
FNF:14
FNH:0
LF:50
LH:0
BRF:22
BRH:0
end_of_record
TN:
SF:src/dependencies/lz/util/ExcessivelySafeCall.sol
FN:22,ExcessivelySafeCall.excessivelySafeCall
FNDA:0,ExcessivelySafeCall.excessivelySafeCall
DA:27,0
DA:28,0
DA:29,0
DA:35,0
DA:46,0
DA:47,0
BRDA:47,0,0,-
DA:53,0
FN:71,ExcessivelySafeCall.excessivelySafeStaticCall
FNDA:0,ExcessivelySafeCall.excessivelySafeStaticCall
DA:77,0
DA:78,0
DA:79,0
DA:85,0
DA:95,0
DA:96,0
BRDA:96,1,0,-
DA:102,0
FN:114,ExcessivelySafeCall.swapSelector
FNDA:0,ExcessivelySafeCall.swapSelector
DA:115,0
BRDA:115,2,0,-
BRDA:115,2,1,-
DA:116,0
DA:122,0
DA:123,0
FNF:3
FNH:0
LF:18
LH:0
BRF:4
BRH:0
end_of_record
TN:
SF:src/dependencies/mpt/MPT.sol
FN:25,MPT.verifyTrieProof
FNDA:0,MPT.verifyTrieProof
DA:26,0
DA:27,0
DA:29,0
BRDA:29,0,0,-
BRDA:29,0,1,-
DA:30,0
BRDA:30,1,0,-
BRDA:30,1,1,-
DA:31,0
BRDA:31,2,0,-
BRDA:31,2,1,-
DA:32,0
DA:33,0
BRDA:33,3,0,-
BRDA:33,3,1,-
DA:35,0
BRDA:35,4,0,-
BRDA:35,4,1,-
DA:38,0
DA:41,0
BRDA:41,5,0,-
BRDA:41,5,1,-
DA:42,0
DA:45,0
BRDA:45,6,0,-
BRDA:45,6,1,-
DA:46,0
DA:49,0
BRDA:49,7,0,-
BRDA:49,7,1,-
DA:50,0
FN:53,MPT.verifyTrieProofBranch
FNDA:0,MPT.verifyTrieProofBranch
DA:54,0
DA:56,0
BRDA:56,8,0,-
BRDA:56,8,1,-
DA:57,0
DA:58,0
BRDA:58,9,0,-
BRDA:58,9,1,-
DA:59,0
DA:62,0
DA:63,0
DA:65,0
BRDA:65,10,0,-
BRDA:65,10,1,-
DA:66,0
DA:67,0
DA:68,0
DA:69,0
DA:73,0
BRDA:73,11,0,-
BRDA:73,11,1,-
DA:74,0
FN:77,MPT.verifyTrieProofLeafOrExtension
FNDA:0,MPT.verifyTrieProofLeafOrExtension
DA:82,0
DA:83,0
DA:84,0
DA:87,0
DA:90,0
BRDA:90,12,0,-
BRDA:90,12,1,-
DA:92,0
DA:93,0
DA:94,0
DA:95,0
BRDA:95,13,0,-
BRDA:95,13,1,-
DA:96,0
BRDA:96,14,0,-
BRDA:96,14,1,-
DA:97,0
BRDA:97,15,0,-
BRDA:97,15,1,-
DA:99,0
BRDA:99,16,0,-
BRDA:99,16,1,-
DA:101,0
DA:102,0
DA:103,0
BRDA:103,17,0,-
BRDA:103,17,1,-
DA:104,0
BRDA:104,18,0,-
BRDA:104,18,1,-
DA:105,0
BRDA:105,19,0,-
BRDA:105,19,1,-
DA:107,0
BRDA:107,20,0,-
BRDA:107,20,1,-
DA:109,0
DA:110,0
DA:111,0
DA:113,0
BRDA:112,21,0,-
BRDA:112,21,1,-
DA:116,0
DA:117,0
DA:118,0
DA:119,0
DA:121,0
BRDA:121,22,0,-
BRDA:121,22,1,-
DA:123,0
DA:124,0
DA:125,0
DA:127,0
BRDA:126,23,0,-
BRDA:126,23,1,-
DA:130,0
DA:131,0
DA:132,0
DA:133,0
DA:136,0
DA:138,0
BRDA:138,24,0,-
BRDA:138,24,1,-
DA:139,0
FN:142,MPT.b2b32
FNDA:0,MPT.b2b32
DA:144,0
FN:148,MPT.sliceTransform
FNDA:0,MPT.sliceTransform
DA:153,0
DA:154,0
DA:155,0
DA:156,0
DA:157,0
DA:158,0
DA:160,0
DA:162,0
BRDA:162,25,0,-
DA:164,0
DA:165,0
FN:176,MPT.getNibbles
FNDA:0,MPT.getNibbles
DA:178,0
DA:179,0
FN:183,MPT.expandKeyEven
FNDA:0,MPT.expandKeyEven
DA:184,0
DA:185,0
DA:187,0
DA:188,0
DA:189,0
DA:190,0
DA:192,0
FN:195,MPT.expandKeyOdd
FNDA:0,MPT.expandKeyOdd
DA:196,0
DA:197,0
DA:198,0
DA:200,0
DA:201,0
DA:202,0
DA:203,0
DA:205,0
FNF:8
FNH:0
LF:95
LH:0
BRF:51
BRH:0
end_of_record
TN:
SF:src/dependencies/mpt/RLPDecode.sol
FN:30,RLPDecode.next
FNDA:0,RLPDecode.next
DA:31,0
BRDA:31,0,0,-
BRDA:31,0,1,-
DA:33,0
DA:34,0
DA:35,0
DA:37,0
FN:45,RLPDecode.hasNext
FNDA:0,RLPDecode.hasNext
DA:46,0
DA:47,0
FN:53,RLPDecode.toRlpItem
FNDA:0,RLPDecode.toRlpItem
DA:54,0
DA:56,0
DA:59,0
FN:67,RLPDecode.iterator
FNDA:0,RLPDecode.iterator
DA:68,0
BRDA:68,1,0,-
BRDA:68,1,1,-
DA:70,0
DA:71,0
FN:77,RLPDecode.rlpLen
FNDA:0,RLPDecode.rlpLen
DA:78,0
FN:84,RLPDecode.payloadLen
FNDA:0,RLPDecode.payloadLen
DA:85,0
FN:91,RLPDecode.toList
FNDA:0,RLPDecode.toList
DA:92,0
BRDA:92,2,0,-
BRDA:92,2,1,-
DA:94,0
DA:95,0
DA:97,0
DA:98,0
DA:99,0
DA:100,0
DA:101,0
DA:102,0
DA:105,0
FN:109,RLPDecode.isList
FNDA:0,RLPDecode.isList
DA:110,0
BRDA:110,3,0,-
BRDA:110,3,1,-
DA:112,0
DA:113,0
DA:115,0
DA:118,0
BRDA:118,4,0,-
BRDA:118,4,1,-
DA:119,0
DA:121,0
FN:129,RLPDecode.toRlpBytes
FNDA:0,RLPDecode.toRlpBytes
DA:130,0
DA:131,0
BRDA:131,5,0,-
BRDA:131,5,1,-
DA:133,0
DA:135,0
DA:138,0
DA:139,0
FN:143,RLPDecode.toBoolean
FNDA:0,RLPDecode.toBoolean
DA:144,0
BRDA:144,6,0,-
BRDA:144,6,1,-
DA:145,0
DA:146,0
DA:148,0
DA:155,0
BRDA:155,7,0,-
BRDA:155,7,1,-
DA:156,0
DA:158,0
FN:162,RLPDecode.toAddress
FNDA:0,RLPDecode.toAddress
DA:164,0
BRDA:164,8,0,-
BRDA:164,8,1,-
DA:166,0
FN:169,RLPDecode.toUint
FNDA:0,RLPDecode.toUint
DA:170,0
BRDA:170,9,0,-
BRDA:170,9,1,-
DA:172,0
DA:173,0
DA:175,0
DA:176,0
DA:178,0
DA:181,0
BRDA:181,10,0,-
DA:184,0
FN:188,RLPDecode.toUintStrict
FNDA:0,RLPDecode.toUintStrict
DA:190,0
BRDA:190,11,0,-
BRDA:190,11,1,-
DA:192,0
DA:193,0
DA:195,0
DA:198,0
FN:201,RLPDecode.toBytes
FNDA:0,RLPDecode.toBytes
DA:202,0
BRDA:202,12,0,-
BRDA:202,12,1,-
DA:204,0
DA:205,0
DA:206,0
DA:208,0
DA:210,0
DA:213,0
DA:214,0
FN:222,RLPDecode.numItems
FNDA:0,RLPDecode.numItems
DA:223,0
BRDA:223,13,0,-
BRDA:223,13,1,-
DA:225,0
DA:226,0
DA:227,0
DA:228,0
DA:229,0
DA:230,0
DA:233,0
FN:237,RLPDecode._itemLength
FNDA:0,RLPDecode._itemLength
DA:238,0
DA:239,0
DA:241,0
DA:244,0
BRDA:244,14,0,-
BRDA:244,14,1,-
DA:245,0
DA:246,0
BRDA:246,15,0,-
BRDA:246,15,1,-
DA:247,0
DA:248,0
BRDA:248,16,0,-
BRDA:248,16,1,-
DA:251,0
DA:255,0
DA:257,0
BRDA:257,17,0,-
BRDA:257,17,1,-
DA:258,0
DA:262,0
DA:265,0
DA:269,0
FN:273,RLPDecode._payloadOffset
FNDA:0,RLPDecode._payloadOffset
DA:274,0
DA:276,0
DA:279,0
BRDA:279,18,0,-
BRDA:279,18,1,-
DA:280,0
DA:281,0
BRDA:281,19,0,-
BRDA:281,19,1,-
DA:282,0
DA:284,0
BRDA:283,20,0,-
BRDA:283,20,1,-
DA:286,0
DA:288,0
FN:297,RLPDecode.copy
FNDA:0,RLPDecode.copy
DA:298,0
BRDA:298,21,0,-
BRDA:298,21,1,-
DA:301,0
DA:306,0
DA:307,0
DA:311,0
FNF:18
FNH:0
LF:105
LH:0
BRF:43
BRH:0
end_of_record
TN:
SF:src/dependencies/mpt/v1/PatriciaTree.sol
FN:23,PatriciaTree.get
FNDA:0,PatriciaTree.get
DA:24,0
FN:27,PatriciaTree.safeGet
FNDA:0,PatriciaTree.safeGet
DA:28,0
DA:29,0
BRDA:29,0,0,-
BRDA:29,0,1,-
DA:30,0
DA:31,0
BRDA:31,1,0,-
BRDA:31,1,1,-
FN:34,PatriciaTree.doesInclude
FNDA:0,PatriciaTree.doesInclude
DA:35,0
FN:38,PatriciaTree.doesIncludeHashedKey
FNDA:0,PatriciaTree.doesIncludeHashedKey
DA:39,0
DA:40,0
FN:43,PatriciaTree.getValue
FNDA:0,PatriciaTree.getValue
DA:44,0
FN:47,PatriciaTree.getRootHash
FNDA:0,PatriciaTree.getRootHash
DA:48,0
FN:51,PatriciaTree.getNode
FNDA:0,PatriciaTree.getNode
DA:56,0
DA:57,0
FN:67,PatriciaTree.getRootEdge
FNDA:0,PatriciaTree.getRootEdge
DA:68,0
FN:71,PatriciaTree.edgeHash
FNDA:0,PatriciaTree.edgeHash
DA:72,0
FN:76,PatriciaTree.hash
FNDA:0,PatriciaTree.hash
DA:77,0
FN:85,PatriciaTree.getProof
FNDA:0,PatriciaTree.getProof
DA:90,0
FN:93,PatriciaTree.getProofWithHashedKey
FNDA:0,PatriciaTree.getProofWithHashedKey
DA:98,0
DA:99,0
DA:100,0
DA:101,0
DA:102,0
DA:104,0
DA:105,0
DA:106,0
DA:107,0
BRDA:107,2,0,-
BRDA:107,2,1,-
DA:108,0
BRDA:108,3,0,-
BRDA:108,3,1,-
DA:110,0
DA:112,0
DA:113,0
DA:114,0
DA:115,0
DA:116,0
DA:117,0
DA:118,0
DA:119,0
DA:120,0
DA:122,0
BRDA:122,4,0,-
BRDA:122,4,1,-
DA:123,0
DA:124,0
DA:125,0
FN:130,PatriciaTree.getNonInclusionProof
FNDA:0,PatriciaTree.getNonInclusionProof
DA:140,0
FN:143,PatriciaTree.getNonInclusionProofWithHashedKey
FNDA:0,PatriciaTree.getNonInclusionProofWithHashedKey
DA:153,0
DA:154,0
DA:157,0
DA:158,0
DA:159,0
DA:163,0
BRDA:163,5,0,-
BRDA:163,5,1,-
DA:164,0
DA:165,0
DA:166,0
DA:169,0
BRDA:169,6,0,-
BRDA:169,6,1,-
DA:171,0
BRDA:171,7,0,-
BRDA:171,7,1,-
DA:173,0
DA:174,0
DA:175,0
DA:176,0
DA:177,0
DA:178,0
DA:179,0
DA:182,0
DA:183,0
DA:184,0
DA:187,0
BRDA:187,8,0,-
BRDA:187,8,1,-
DA:188,0
DA:189,0
DA:190,0
FN:195,PatriciaTree.verifyProof
FNDA:0,PatriciaTree.verifyProof
DA:202,0
DA:203,0
DA:204,0
DA:205,0
DA:206,0
DA:207,0
DA:208,0
DA:209,0
DA:210,0
DA:211,0
DA:212,0
DA:213,0
DA:214,0
DA:216,0
DA:217,0
BRDA:217,9,0,-
BRDA:217,9,1,-
FN:220,PatriciaTree.verifyNonInclusionProof
FNDA:0,PatriciaTree.verifyNonInclusionProof
DA:228,0
DA:229,0
DA:230,0
DA:231,0
DA:232,0
DA:233,0
DA:234,0
DA:235,0
DA:236,0
DA:237,0
BRDA:237,10,0,-
BRDA:237,10,1,-
DA:238,0
DA:239,0
DA:240,0
DA:242,0
DA:243,0
DA:244,0
DA:246,0
DA:247,0
BRDA:247,11,0,-
BRDA:247,11,1,-
FN:251,PatriciaTree.insert
FNDA:0,PatriciaTree.insert
DA:252,0
DA:253,0
DA:254,0
DA:256,0
DA:257,0
BRDA:257,12,0,-
BRDA:257,12,1,-
DA:259,0
DA:260,0
DA:262,0
DA:264,0
DA:265,0
FN:268,PatriciaTree._insertAtNode
FNDA:0,PatriciaTree._insertAtNode
DA:272,0
BRDA:272,13,0,-
BRDA:272,13,1,-
DA:273,0
DA:274,0
DA:275,0
DA:276,0
FN:279,PatriciaTree._insertAtEdge
FNDA:0,PatriciaTree._insertAtEdge
DA:283,0
BRDA:283,14,0,-
BRDA:283,14,1,-
DA:284,0
DA:285,0
DA:286,0
BRDA:286,15,0,-
BRDA:286,15,1,-
DA:288,0
DA:289,0
BRDA:289,16,0,-
BRDA:289,16,1,-
DA:291,0
DA:294,0
DA:295,0
DA:296,0
DA:297,0
DA:298,0
DA:300,0
FN:303,PatriciaTree._insertNode
FNDA:0,PatriciaTree._insertNode
DA:304,0
DA:305,0
DA:306,0
DA:307,0
FN:310,PatriciaTree._replaceNode
FNDA:0,PatriciaTree._replaceNode
DA:311,0
DA:312,0
FN:315,PatriciaTree._findNode
FNDA:0,PatriciaTree._findNode
DA:316,0
FN:319,PatriciaTree._findNodeWithHashedKey
FNDA:0,PatriciaTree._findNodeWithHashedKey
DA:320,0
BRDA:320,17,0,-
BRDA:320,17,1,-
DA:321,0
DA:323,0
DA:324,0
FN:328,PatriciaTree._findAtNode
FNDA:0,PatriciaTree._findAtNode
DA:329,0
BRDA:329,18,0,-
BRDA:329,18,1,-
DA:330,0
DA:331,0
DA:332,0
FN:335,PatriciaTree._findAtEdge
FNDA:0,PatriciaTree._findAtEdge
DA:336,0
BRDA:336,19,0,-
BRDA:336,19,1,-
DA:337,0
DA:338,0
BRDA:338,20,0,-
BRDA:338,20,1,-
DA:340,0
DA:341,0
BRDA:341,21,0,-
BRDA:341,21,1,-
DA:343,0
DA:346,0
FNF:25
FNH:0
LF:149
LH:0
BRF:44
BRH:0
end_of_record
TN:
SF:src/dependencies/mpt/v1/PatriciaTreeUtils.sol
FN:13,Utils.splitCommonPrefix
FNDA:0,Utils.splitCommonPrefix
DA:18,0
FN:23,Utils.splitAt
FNDA:0,Utils.splitAt
DA:28,0
BRDA:28,0,0,-
BRDA:28,0,1,-
DA:29,0
DA:30,0
BRDA:30,1,0,-
BRDA:30,1,1,-
DA:31,0
DA:33,0
DA:35,0
DA:36,0
FN:40,Utils.commonPrefix
FNDA:0,Utils.commonPrefix
DA:41,0
DA:43,0
DA:44,0
DA:45,0
DA:46,0
BRDA:46,2,0,-
BRDA:46,2,1,-
DA:47,0
DA:49,0
FN:55,Utils.removePrefix
FNDA:0,Utils.removePrefix
DA:56,0
BRDA:56,3,0,-
BRDA:56,3,1,-
DA:57,0
DA:58,0
FN:63,Utils.chopFirstBit
FNDA:0,Utils.chopFirstBit
DA:64,0
BRDA:64,4,0,-
BRDA:64,4,1,-
DA:65,0
FN:72,Utils.lowestBitSet
FNDA:0,Utils.lowestBitSet
DA:73,0
BRDA:73,5,0,-
BRDA:73,5,1,-
DA:74,0
DA:76,0
DA:77,0
DA:78,0
BRDA:78,6,0,-
BRDA:78,6,1,-
DA:79,0
DA:82,0
DA:83,0
DA:84,0
DA:85,0
BRDA:85,7,0,-
BRDA:85,7,1,-
DA:86,0
DA:88,0
DA:90,0
BRDA:90,8,0,-
BRDA:90,8,1,-
DA:91,0
FN:96,Utils.bitSet
FNDA:0,Utils.bitSet
DA:97,0
FNF:7
FNH:0
LF:35
LH:0
BRF:18
BRH:0
end_of_record
TN:
SF:src/dependencies/mpt/v2/LibMPT.sol
FN:7,LibMPT.verifyProof
FNDA:256,LibMPT.verifyProof
DA:14,256
DA:15,256
DA:16,256
DA:17,256
DA:18,256
DA:19,0
DA:20,0
DA:21,0
DA:22,0
DA:23,0
DA:24,0
DA:25,0
DA:26,0
DA:27,0
DA:29,256
DA:30,256
BRDA:30,0,0,-
BRDA:30,0,1,256
FN:33,LibMPT.edgeHash
FNDA:256,LibMPT.edgeHash
DA:34,256
FNF:2
FNH:2
LF:17
LH:8
BRF:2
BRH:1
end_of_record
TN:
SF:src/dependencies/mpt/v2/PatriciaTree.sol
FN:16,PatriciaTree.insert
FNDA:256,PatriciaTree.insert
DA:17,256
DA:18,256
DA:19,256
DA:21,256
DA:22,256
BRDA:22,0,0,256
BRDA:22,0,1,-
DA:24,256
DA:25,256
DA:27,0
DA:29,256
DA:30,256
FN:33,PatriciaTree.getNode
FNDA:0,PatriciaTree.getNode
DA:34,0
DA:35,0
FN:45,PatriciaTree.getRootEdge
FNDA:0,PatriciaTree.getRootEdge
DA:46,0
FN:54,PatriciaTree.getProof
FNDA:256,PatriciaTree.getProof
DA:55,256
DA:56,256
DA:57,256
DA:58,256
DA:59,256
DA:61,256
DA:62,256
BRDA:62,1,0,-
BRDA:62,1,1,256
DA:63,256
BRDA:63,2,0,256
BRDA:63,2,1,-
DA:65,256
DA:67,0
DA:68,0
DA:69,0
DA:70,0
DA:71,0
DA:72,0
DA:73,0
DA:75,256
BRDA:75,3,0,-
BRDA:75,3,1,-
DA:76,0
DA:77,0
DA:78,0
FN:83,PatriciaTree.verifyProof
FNDA:0,PatriciaTree.verifyProof
DA:90,0
DA:91,0
DA:92,0
DA:93,0
DA:94,0
DA:95,0
DA:96,0
DA:97,0
DA:98,0
DA:99,0
DA:100,0
DA:101,0
DA:102,0
DA:103,0
DA:105,0
DA:106,0
BRDA:106,4,0,-
BRDA:106,4,1,-
FN:109,PatriciaTree.insertAtNode
FNDA:0,PatriciaTree.insertAtNode
DA:110,0
BRDA:110,5,0,-
BRDA:110,5,1,-
DA:111,0
DA:112,0
DA:113,0
DA:114,0
FN:117,PatriciaTree.insertAtEdge
FNDA:0,PatriciaTree.insertAtEdge
DA:118,0
BRDA:118,6,0,-
BRDA:118,6,1,-
DA:119,0
DA:120,0
DA:121,0
BRDA:121,7,0,-
BRDA:121,7,1,-
DA:123,0
DA:124,0
BRDA:124,8,0,-
BRDA:124,8,1,-
DA:126,0
DA:129,0
DA:130,0
DA:131,0
DA:132,0
DA:133,0
DA:135,0
FN:138,PatriciaTree.insertNode
FNDA:0,PatriciaTree.insertNode
DA:139,0
DA:140,0
DA:141,0
DA:142,0
FN:145,PatriciaTree.replaceNode
FNDA:0,PatriciaTree.replaceNode
DA:146,0
DA:147,0
FN:150,PatriciaTree.edgeHash
FNDA:256,PatriciaTree.edgeHash
DA:151,256
FN:155,PatriciaTree.hash
FNDA:0,PatriciaTree.hash
DA:156,0
FNF:11
FNH:3
LF:75
LH:20
BRF:18
BRH:3
end_of_record
TN:
SF:src/dependencies/mpt/v2/Utils.sol
FN:8,Utils.splitCommonPrefix
FNDA:256,Utils.splitCommonPrefix
DA:13,256
FN:18,Utils.splitAt
FNDA:256,Utils.splitAt
DA:23,256
BRDA:23,0,0,-
BRDA:23,0,1,256
DA:24,256
DA:25,256
BRDA:25,1,0,-
BRDA:25,1,1,256
DA:26,0
DA:28,256
DA:30,256
DA:31,256
FN:35,Utils.commonPrefix
FNDA:256,Utils.commonPrefix
DA:36,256
DA:38,256
DA:39,256
DA:40,65792
DA:41,65536
BRDA:41,2,0,-
BRDA:41,2,1,65536
DA:42,0
DA:44,65536
FN:50,Utils.removePrefix
FNDA:0,Utils.removePrefix
DA:51,0
BRDA:51,3,0,-
BRDA:51,3,1,-
DA:52,0
DA:53,0
FN:58,Utils.chopFirstBit
FNDA:0,Utils.chopFirstBit
DA:59,0
BRDA:59,4,0,-
BRDA:59,4,1,-
DA:60,0
FN:67,Utils.lowestBitSet
FNDA:0,Utils.lowestBitSet
DA:68,0
BRDA:68,5,0,-
BRDA:68,5,1,-
DA:69,0
DA:71,0
DA:72,0
DA:73,0
BRDA:73,6,0,-
BRDA:73,6,1,-
DA:74,0
DA:77,0
DA:78,0
DA:79,0
DA:80,0
BRDA:80,7,0,-
BRDA:80,7,1,-
DA:81,0
DA:83,0
DA:85,0
BRDA:85,8,0,-
BRDA:85,8,1,-
DA:86,0
FN:91,Utils.bitSet
FNDA:0,Utils.bitSet
DA:92,0
FNF:7
FNH:3
LF:35
LH:13
BRF:18
BRH:3
end_of_record
TN:
SF:src/facets/AccessControlFacet.sol
FN:11,AccessControlFacet.acceptRole
FNDA:1792,AccessControlFacet.acceptRole
DA:12,1792
FN:17,AccessControlFacet.setPendingRole
FNDA:2048,AccessControlFacet.setPendingRole
DA:18,1792
FN:22,AccessControlFacet.getRole
FNDA:3072,AccessControlFacet.getRole
DA:23,3072
FNF:3
FNH:3
LF:3
LH:3
BRF:0
BRH:0
end_of_record
TN:
SF:src/facets/DepositFacet.sol
FN:42,DepositFacet.depositStorage
FNDA:15619,DepositFacet.depositStorage
DA:43,15619
DA:45,15619
FN:54,DepositFacet.setDepositExpirationTimeout
FNDA:512,DepositFacet.setDepositExpirationTimeout
DA:55,256
DA:56,256
FN:60,DepositFacet.lockDeposit
FNDA:2820,DepositFacet.lockDeposit
DA:66,2564
BRDA:66,0,0,513
BRDA:66,0,1,2051
DA:67,2051
BRDA:67,1,0,1
BRDA:67,1,1,2050
DA:68,2050
BRDA:68,2,0,1
BRDA:68,2,1,2049
DA:70,2049
DA:73,2049
BRDA:73,3,0,256
BRDA:73,3,1,1793
DA:74,256
DA:78,1793
DA:86,1793
DA:89,1793
DA:92,1793
FN:96,DepositFacet.claimDeposit
FNDA:514,DepositFacet.claimDeposit
DA:102,514
BRDA:102,4,0,1
BRDA:102,4,1,513
DA:103,513
BRDA:103,5,0,1
BRDA:103,5,1,512
DA:105,512
DA:107,512
DA:108,512
BRDA:108,6,0,256
BRDA:108,6,1,256
DA:111,256
DA:116,256
DA:117,256
DA:120,256
DA:123,256
FN:127,DepositFacet.reclaimDeposit
FNDA:1281,DepositFacet.reclaimDeposit
DA:129,1281
BRDA:129,7,0,1
BRDA:129,7,1,1280
DA:131,1280
DA:133,1280
DA:135,1280
BRDA:135,8,0,256
BRDA:135,8,1,1024
DA:136,1024
BRDA:136,9,0,256
BRDA:136,9,1,768
DA:137,256
DA:141,768
DA:142,768
DA:145,768
DA:148,768
FN:156,DepositFacet.getDeposit
FNDA:2816,DepositFacet.getDeposit
DA:157,2816
DA:158,2816
BRDA:158,10,0,1024
BRDA:158,10,1,1792
FN:162,DepositFacet.getPendingDeposits
FNDA:5633,DepositFacet.getPendingDeposits
DA:163,5633
FN:167,DepositFacet.getDepositExpirationTimeout
FNDA:3073,DepositFacet.getDepositExpirationTimeout
DA:168,3073
FNF:8
FNH:8
LF:38
LH:38
BRF:22
BRH:22
end_of_record
TN:
SF:src/facets/DiamondCutFacet.sol
FN:13,DiamondCutFacet.diamondCut
FNDA:0,DiamondCutFacet.diamondCut
DA:18,0
FNF:1
FNH:0
LF:1
LH:0
BRF:0
BRH:0
end_of_record
TN:
SF:src/facets/DiamondLoupeFacet.sol
FN:11,DiamondLoupeFacet.facets
FNDA:0,DiamondLoupeFacet.facets
DA:12,0
DA:13,0
DA:14,0
DA:15,0
DA:16,0
DA:18,0
DA:19,0
DA:20,0
DA:21,0
DA:22,0
BRDA:22,0,0,-
BRDA:22,0,1,-
DA:23,0
DA:26,0
DA:27,0
DA:28,0
DA:29,0
DA:30,0
BRDA:30,1,0,-
BRDA:30,1,1,-
DA:31,0
DA:33,0
BRDA:33,2,0,-
BRDA:33,2,1,-
DA:34,0
DA:35,0
DA:36,0
DA:39,0
BRDA:39,3,0,-
BRDA:39,3,1,-
DA:40,0
DA:42,0
DA:43,0
DA:44,0
DA:45,0
DA:46,0
DA:49,0
DA:50,0
DA:51,0
FN:64,DiamondLoupeFacet.facetFunctionSelectors
FNDA:0,DiamondLoupeFacet.facetFunctionSelectors
DA:70,0
DA:71,0
DA:72,0
DA:73,0
DA:75,0
DA:76,0
DA:77,0
DA:78,0
DA:79,0
BRDA:79,4,0,-
BRDA:79,4,1,-
DA:80,0
DA:83,0
DA:84,0
DA:85,0
BRDA:85,5,0,-
BRDA:85,5,1,-
DA:86,0
DA:87,0
FN:98,DiamondLoupeFacet.facetAddresses
FNDA:0,DiamondLoupeFacet.facetAddresses
DA:99,0
DA:100,0
DA:101,0
DA:102,0
DA:104,0
DA:105,0
DA:106,0
DA:107,0
DA:108,0
BRDA:108,6,0,-
BRDA:108,6,1,-
DA:109,0
DA:112,0
DA:113,0
DA:114,0
DA:115,0
DA:116,0
BRDA:116,7,0,-
BRDA:116,7,1,-
DA:117,0
DA:118,0
DA:121,0
BRDA:121,8,0,-
BRDA:121,8,1,-
DA:122,0
DA:124,0
DA:125,0
FN:135,DiamondLoupeFacet.facetAddress
FNDA:0,DiamondLoupeFacet.facetAddress
DA:136,0
DA:137,0
FNF:4
FNH:0
LF:69
LH:0
BRF:18
BRH:0
end_of_record
TN:
SF:src/facets/ERC165Facet.sol
FN:11,ERC165Facet.erc165Storage
FNDA:3075,ERC165Facet.erc165Storage
DA:12,3075
DA:14,3075
FN:19,ERC165Facet.supportsInterface
FNDA:1539,ERC165Facet.supportsInterface
DA:20,1539
FN:24,ERC165Facet.setSupportedInterface
FNDA:1792,ERC165Facet.setSupportedInterface
DA:25,1536
DA:26,1536
FNF:3
FNH:3
LF:5
LH:5
BRF:0
BRH:0
end_of_record
TN:
SF:src/facets/StateFacet.sol
FN:10,StateFacet.getOrderRoot
FNDA:770,StateFacet.getOrderRoot
DA:11,770
FN:15,StateFacet.setOrderRoot
FNDA:1025,StateFacet.setOrderRoot
DA:16,769
FNF:2
FNH:2
LF:2
LH:2
BRF:0
BRH:0
end_of_record
TN:
SF:src/facets/TokenRegisterFacet.sol
FN:10,TokenRegisterFacet.setTokenRegister
FNDA:1025,TokenRegisterFacet.setTokenRegister
DA:11,1024
FN:15,TokenRegisterFacet.isTokenRegistered
FNDA:2560,TokenRegisterFacet.isTokenRegistered
DA:16,2560
FNF:2
FNH:2
LF:2
LH:2
BRF:0
BRH:0
end_of_record
TN:
SF:src/facets/WithdrawalFacet.sol
FN:39,WithdrawalFacet.withdrawalStorage
FNDA:9511,WithdrawalFacet.withdrawalStorage
DA:40,9511
DA:42,9511
FN:51,WithdrawalFacet.setWithdrawalExpirationTimeout
FNDA:512,WithdrawalFacet.setWithdrawalExpirationTimeout
DA:52,256
DA:53,256
FN:57,WithdrawalFacet.lockWithdrawal
FNDA:2055,WithdrawalFacet.lockWithdrawal
DA:64,1799
BRDA:64,0,0,1
BRDA:64,0,1,1798
DA:65,1798
BRDA:65,1,0,513
BRDA:65,1,1,1285
DA:66,1285
BRDA:66,2,0,1
BRDA:66,2,1,1284
DA:68,1284
DA:71,1284
DA:77,1284
DA:80,1284
DA:83,1284
FN:87,WithdrawalFacet.claimWithdrawal
FNDA:520,WithdrawalFacet.claimWithdrawal
DA:89,520
BRDA:89,3,0,1
BRDA:89,3,1,519
DA:90,519
BRDA:90,4,0,1
BRDA:90,4,1,518
DA:91,518
BRDA:91,5,0,1
BRDA:91,5,1,517
DA:93,517
DA:95,517
DA:96,517
BRDA:96,6,0,1
BRDA:96,6,1,516
DA:99,516
DA:100,516
DA:103,4
DA:104,4
DA:107,4
DA:110,4
FN:114,WithdrawalFacet.reclaimWithdrawal
FNDA:1026,WithdrawalFacet.reclaimWithdrawal
DA:116,770
BRDA:116,7,0,1
BRDA:116,7,1,769
DA:117,769
BRDA:117,8,0,1
BRDA:117,8,1,768
DA:119,768
DA:121,768
DA:122,768
BRDA:122,9,0,256
BRDA:122,9,1,512
DA:123,512
BRDA:123,10,0,256
BRDA:123,10,1,256
DA:126,256
DA:127,256
DA:130,256
DA:133,256
FN:141,WithdrawalFacet.getWithdrawal
FNDA:1544,WithdrawalFacet.getWithdrawal
DA:142,1544
DA:143,1544
BRDA:143,11,0,260
BRDA:143,11,1,1284
FN:147,WithdrawalFacet.getPendingWithdrawals
FNDA:3089,WithdrawalFacet.getPendingWithdrawals
DA:148,3089
FN:152,WithdrawalFacet.getWithdrawalExpirationTimeout
FNDA:2053,WithdrawalFacet.getWithdrawalExpirationTimeout
DA:153,2053
FNF:8
FNH:8
LF:38
LH:38
BRF:24
BRH:24
end_of_record
TN:
SF:src/helpers/HelpersECDSA.sol
FN:12,HelpersECDSA.isOnCurve
FNDA:0,HelpersECDSA.isOnCurve
DA:13,0
DA:14,0
FN:20,HelpersECDSA.isQuadraticResidue
FNDA:0,HelpersECDSA.isQuadraticResidue
DA:21,0
FN:25,HelpersECDSA.fieldPow
FNDA:0,HelpersECDSA.fieldPow
DA:26,0
DA:27,0
DA:28,0
BRDA:28,0,0,-
BRDA:28,0,1,-
DA:29,0
FNF:3
FNH:0
LF:7
LH:0
BRF:2
BRH:0
end_of_record
TN:
SF:src/helpers/HelpersERC20.sol
FN:14,HelpersERC20.transferFrom
FNDA:3077,HelpersERC20.transferFrom
DA:15,3077
DA:17,3077
DA:19,3077
BRDA:19,0,0,-
BRDA:19,0,1,3077
DA:20,3077
DA:21,3077
DA:22,3077
FN:31,HelpersERC20.transfer
FNDA:1284,HelpersERC20.transfer
DA:32,1284
DA:34,1284
DA:36,1284
BRDA:36,1,0,-
BRDA:36,1,1,1284
DA:37,1284
DA:38,1284
FN:48,HelpersERC20.handleReturn
FNDA:4361,HelpersERC20.handleReturn
DA:49,4361
BRDA:49,2,0,-
BRDA:49,2,1,4360
DA:50,4360
BRDA:50,3,0,-
BRDA:50,3,1,4360
DA:51,4360
BRDA:51,4,0,-
BRDA:51,4,1,4360
DA:54,1
BRDA:54,5,0,1
BRDA:54,5,1,-
DA:56,1
DA:58,0
FNF:3
FNH:3
LF:17
LH:16
BRF:12
BRH:6
end_of_record
TN:
SF:src/interoperability/LzReceptor.sol
FN:30,LzReceptor.acceptBridgeRole
FNDA:0,LzReceptor.acceptBridgeRole
DA:31,0
DA:32,0
FN:36,LzReceptor.setOrderRoot
FNDA:2,LzReceptor.setOrderRoot
DA:37,1
DA:38,1
DA:39,1
FN:47,LzReceptor._nonblockingLzReceive
FNDA:3,LzReceptor._nonblockingLzReceive
DA:48,3
DA:51,3
BRDA:51,0,0,-
BRDA:51,0,1,3
DA:52,0
DA:53,0
DA:55,3
DA:57,3
DA:58,3
FNF:3
FNH:2
LF:12
LH:8
BRF:2
BRH:1
end_of_record
TN:
SF:src/interoperability/LzTransmitter.sol
FN:26,LzTransmitter.getStarkEx
FNDA:0,LzTransmitter.getStarkEx
DA:27,0
FN:31,LzTransmitter.getLastUpdatedSequenceNumber
FNDA:2,LzTransmitter.getLastUpdatedSequenceNumber
DA:32,2
FN:36,LzTransmitter.getPayload
FNDA:0,LzTransmitter.getPayload
DA:37,0
FN:41,LzTransmitter.getLayerZeroFee
FNDA:0,LzTransmitter.getLayerZeroFee
DA:47,0
FN:61,LzTransmitter.keep
FNDA:3,LzTransmitter.keep
DA:62,3
FN:66,LzTransmitter.batchKeep
FNDA:0,LzTransmitter.batchKeep
DA:71,0
DA:73,0
DA:74,0
DA:75,0
DA:77,0
BRDA:77,0,0,-
BRDA:77,0,1,-
DA:79,0
DA:80,0
FN:90,LzTransmitter._keep
FNDA:3,LzTransmitter._keep
DA:91,3
DA:92,3
DA:95,3
BRDA:95,1,0,-
BRDA:95,1,1,3
DA:97,3
DA:99,3
DA:101,3
DA:102,3
FNF:7
FNH:3
LF:19
LH:9
BRF:4
BRH:1
end_of_record
TN:
SF:src/interoperability/lz/LzBase.sol
FN:31,LzBase.getConfig
FNDA:0,LzBase.getConfig
DA:37,0
FN:41,LzBase.setConfig
FNDA:0,LzBase.setConfig
DA:46,0
FN:50,LzBase.setTrustedRemote
FNDA:0,LzBase.setTrustedRemote
DA:51,0
DA:52,0
FN:56,LzBase.setTrustedRemoteAddress
FNDA:0,LzBase.setTrustedRemoteAddress
DA:61,0
DA:62,0
FN:66,LzBase.getTrustedRemoteAddress
FNDA:0,LzBase.getTrustedRemoteAddress
DA:67,0
DA:68,0
BRDA:68,0,0,-
BRDA:68,0,1,-
DA:69,0
FN:73,LzBase.setPrecrime
FNDA:0,LzBase.setPrecrime
DA:74,0
DA:75,0
FN:79,LzBase.isTrustedRemote
FNDA:1,LzBase.isTrustedRemote
DA:80,1
DA:81,1
FNF:7
FNH:1
LF:13
LH:2
BRF:2
BRH:0
end_of_record
TN:
SF:src/interoperability/lz/LzReceiver.sol
FN:11,LzReceiver.lzReceive
FNDA:3,LzReceiver.lzReceive
DA:17,3
BRDA:17,0,0,-
BRDA:17,0,1,3
DA:19,3
DA:23,3
BRDA:22,1,0,-
BRDA:22,1,1,3
DA:25,0
DA:27,3
FN:44,LzReceiver.setReceiveVersion
FNDA:0,LzReceiver.setReceiveVersion
DA:45,0
FN:49,LzReceiver.forceResumeReceive
FNDA:0,LzReceiver.forceResumeReceive
DA:50,0
FNF:3
FNH:1
LF:7
LH:4
BRF:4
BRH:2
end_of_record
TN:
SF:src/interoperability/lz/LzSender.sol
FN:22,LzSender._lzSend
FNDA:3,LzSender._lzSend
DA:30,3
DA:31,3
BRDA:31,0,0,-
BRDA:31,0,1,3
DA:33,3
FN:45,LzSender._checkGasLimit
FNDA:0,LzSender._checkGasLimit
DA:50,0
DA:51,0
DA:52,0
BRDA:52,1,0,-
BRDA:52,1,1,-
DA:53,0
BRDA:53,2,0,-
BRDA:53,2,1,-
FN:61,LzSender._getGasLimit
FNDA:0,LzSender._getGasLimit
DA:62,0
BRDA:62,3,0,-
BRDA:62,3,1,-
DA:64,0
FN:69,LzSender.setSendVersion
FNDA:0,LzSender.setSendVersion
DA:70,0
FN:74,LzSender.setMinDstGas
FNDA:0,LzSender.setMinDstGas
DA:75,0
BRDA:75,4,0,-
BRDA:75,4,1,-
DA:76,0
DA:77,0
FNF:5
FNH:1
LF:13
LH:3
BRF:10
BRH:1
end_of_record
TN:
SF:src/interoperability/lz/NonblockingLzReceiver.sol
FN:17,NonblockingLzReceiver._blockingLzReceive
FNDA:3,NonblockingLzReceiver._blockingLzReceive
DA:22,3
DA:28,3
BRDA:28,0,0,-
BRDA:28,0,1,3
DA:29,0
FN:41,NonblockingLzReceiver._storeFailedMessage
FNDA:0,NonblockingLzReceiver._storeFailedMessage
DA:48,0
DA:49,0
FN:53,NonblockingLzReceiver.nonblockingLzReceive
FNDA:3,NonblockingLzReceiver.nonblockingLzReceive
DA:59,3
BRDA:59,1,0,-
BRDA:59,1,1,3
DA:60,3
FN:75,NonblockingLzReceiver.retryMessage
FNDA:0,NonblockingLzReceiver.retryMessage
DA:82,0
DA:83,0
BRDA:83,2,0,-
BRDA:83,2,1,-
DA:86,0
DA:89,0
DA:90,0
FNF:4
FNH:2
LF:12
LH:4
BRF:6
BRH:2
end_of_record
TN:
SF:src/libraries/LibAccessControl.sol
FN:38,LibAccessControl.accessControlStorage
FNDA:8704,LibAccessControl.accessControlStorage
DA:39,8704
DA:41,8704
FN:49,LibAccessControl.acceptRole
FNDA:1792,LibAccessControl.acceptRole
DA:50,1792
DA:52,1792
BRDA:52,0,0,256
BRDA:52,0,1,1536
DA:54,1536
DA:55,1536
DA:57,1536
DA:59,1536
FN:67,LibAccessControl.setPendingRole
FNDA:1792,LibAccessControl.setPendingRole
DA:68,1792
DA:69,1792
FN:77,LibAccessControl.getRole
FNDA:3072,LibAccessControl.getRole
DA:78,3072
FN:85,LibAccessControl.onlyRole
FNDA:2048,LibAccessControl.onlyRole
DA:86,2048
BRDA:86,1,0,256
BRDA:86,1,1,1792
FNF:5
FNH:5
LF:12
LH:12
BRF:4
BRH:4
end_of_record
TN:
SF:src/libraries/LibDiamond.sol
FN:30,LibDiamond.diamondStorage
FNDA:0,LibDiamond.diamondStorage
DA:31,0
DA:33,0
FN:49,LibDiamond.diamondCut
FNDA:0,LibDiamond.diamondCut
DA:50,0
DA:51,0
DA:52,0
DA:53,0
DA:56,0
BRDA:56,0,0,-
BRDA:56,0,1,-
DA:59,0
DA:62,0
DA:63,0
DA:71,0
BRDA:71,1,0,-
BRDA:71,1,1,-
DA:72,0
DA:76,0
BRDA:76,2,0,-
BRDA:76,2,1,-
DA:78,0
DA:80,0
DA:81,0
FN:91,LibDiamond.addReplaceRemoveFacetSelectors
FNDA:0,LibDiamond.addReplaceRemoveFacetSelectors
DA:98,0
DA:99,0
BRDA:99,3,0,-
BRDA:99,3,1,-
DA:100,0
BRDA:100,4,0,-
BRDA:100,4,1,-
DA:101,0
DA:102,0
DA:103,0
DA:104,0
DA:105,0
BRDA:105,5,0,-
BRDA:105,5,1,-
DA:109,0
DA:112,0
DA:114,0
DA:117,0
BRDA:117,6,0,-
BRDA:117,6,1,-
DA:119,0
DA:120,0
DA:122,0
DA:124,0
BRDA:124,7,0,-
BRDA:124,7,1,-
DA:125,0
DA:126,0
DA:127,0
DA:128,0
DA:129,0
DA:131,0
BRDA:131,8,0,-
BRDA:131,8,1,-
DA:132,0
BRDA:132,9,0,-
BRDA:132,9,1,-
DA:133,0
BRDA:133,10,0,-
BRDA:133,10,1,-
DA:135,0
DA:137,0
BRDA:137,11,0,-
BRDA:137,11,1,-
DA:138,0
BRDA:138,12,0,-
BRDA:138,12,1,-
DA:140,0
DA:142,0
DA:143,0
DA:144,0
BRDA:144,13,0,-
BRDA:144,13,1,-
DA:146,0
DA:147,0
DA:148,0
DA:150,0
DA:152,0
DA:153,0
DA:154,0
DA:157,0
DA:158,0
DA:159,0
BRDA:159,14,0,-
BRDA:159,14,1,-
DA:164,0
BRDA:164,15,0,-
BRDA:164,15,1,-
DA:170,0
DA:171,0
BRDA:171,16,0,-
BRDA:171,16,1,-
DA:173,0
DA:175,0
DA:176,0
DA:178,0
DA:181,0
DA:183,0
BRDA:183,17,0,-
BRDA:183,17,1,-
DA:184,0
DA:186,0
DA:189,0
DA:192,0
DA:195,0
BRDA:195,18,0,-
BRDA:195,18,1,-
DA:196,0
DA:197,0
DA:200,0
DA:202,0
DA:204,0
FN:212,LibDiamond.initializeDiamondCut
FNDA:0,LibDiamond.initializeDiamondCut
DA:213,0
BRDA:213,19,0,-
BRDA:213,19,1,-
DA:214,0
DA:216,0
DA:217,0
DA:218,0
BRDA:218,20,0,-
BRDA:218,20,1,-
DA:219,0
BRDA:219,21,0,-
BRDA:219,21,1,-
DA:227,0
FN:237,LibDiamond.enforceHasContractCode
FNDA:0,LibDiamond.enforceHasContractCode
DA:238,0
DA:240,0
DA:242,0
BRDA:242,22,0,-
BRDA:242,22,1,-
FNF:5
FNH:0
LF:86
LH:0
BRF:46
BRH:0
end_of_record
TN:
SF:src/libraries/LibState.sol
FN:20,LibState.stateStorage
FNDA:1539,LibState.stateStorage
DA:21,1539
DA:23,1539
FN:31,LibState.setOrderRoot
FNDA:769,LibState.setOrderRoot
DA:32,769
DA:33,769
FN:40,LibState.getOrderRoot
FNDA:770,LibState.getOrderRoot
DA:41,770
FNF:3
FNH:3
LF:5
LH:5
BRF:0
BRH:0
end_of_record
TN:
SF:src/libraries/LibTokenRegister.sol
FN:21,LibTokenRegister.tokenRegisterStorage
FNDA:3584,LibTokenRegister.tokenRegisterStorage
DA:22,3584
DA:24,3584
FN:33,LibTokenRegister.setTokenRegister
FNDA:1024,LibTokenRegister.setTokenRegister
DA:34,1024
DA:35,1024
FN:43,LibTokenRegister.isTokenRegistered
FNDA:2560,LibTokenRegister.isTokenRegistered
DA:44,2560
FN:52,LibTokenRegister.onlyRegisteredToken
FNDA:0,LibTokenRegister.onlyRegisteredToken
DA:53,0
BRDA:53,0,0,-
BRDA:53,0,1,-
FNF:4
FNH:3
LF:6
LH:5
BRF:2
BRH:0
end_of_record
TN:
SF:test/fixtures/BaseFixture.sol
FN:43,BaseFixture.setUp
FNDA:0,BaseFixture.setUp
DA:44,0
DA:45,0
DA:46,0
DA:47,0
DA:48,0
DA:49,0
DA:50,0
DA:53,0
DA:56,0
DA:58,0
DA:59,0
DA:60,0
DA:61,0
DA:62,0
DA:63,0
DA:64,0
DA:65,0
DA:66,0
DA:71,0
DA:74,0
DA:75,0
DA:78,0
DA:80,0
DA:81,0
DA:82,0
DA:83,0
DA:84,0
DA:85,0
DA:86,0
DA:87,0
DA:88,0
DA:93,0
DA:96,0
DA:99,0
DA:102,0
DA:103,0
DA:104,0
DA:105,0
DA:106,0
DA:113,0
DA:114,0
DA:115,0
DA:116,0
DA:123,0
DA:124,0
DA:125,0
DA:126,0
DA:133,0
DA:134,0
DA:135,0
DA:136,0
DA:143,0
DA:146,0
DA:147,0
DA:150,0
DA:152,0
DA:155,0
DA:156,0
DA:157,0
DA:158,0
DA:159,0
DA:160,0
DA:163,0
DA:164,0
DA:165,0
DA:166,0
DA:167,0
FN:170,BaseFixture._owner
FNDA:0,BaseFixture._owner
DA:171,0
FN:174,BaseFixture._operator
FNDA:0,BaseFixture._operator
DA:175,0
FN:178,BaseFixture._mockInteropContract
FNDA:0,BaseFixture._mockInteropContract
DA:179,0
FN:182,BaseFixture._tokenAdmin
FNDA:0,BaseFixture._tokenAdmin
DA:183,0
FN:186,BaseFixture._tokenDeployer
FNDA:0,BaseFixture._tokenDeployer
DA:187,0
FN:190,BaseFixture._user
FNDA:0,BaseFixture._user
DA:191,0
FN:194,BaseFixture._recipient
FNDA:0,BaseFixture._recipient
DA:195,0
FNF:8
FNH:0
LF:74
LH:0
BRF:0
BRH:0
end_of_record
TN:
SF:test/fixtures/LzFixture.sol
FN:38,LzFixture.setUp
FNDA:0,LzFixture.setUp
DA:39,0
DA:42,0
DA:45,0
DA:46,0
DA:49,0
DA:50,0
DA:52,0
DA:53,0
DA:55,0
DA:58,0
DA:59,0
DA:62,0
DA:63,0
DA:64,0
DA:65,0
DA:68,0
FN:71,LzFixture._setUpMocks
FNDA:0,LzFixture._setUpMocks
DA:72,0
DA:76,0
FNF:2
FNH:0
LF:18
LH:0
BRF:0
BRH:0
end_of_record
TN:
SF:test/mocks/MockERC20.sol
FN:13,MockERC20.decimals
FNDA:0,MockERC20.decimals
DA:14,0
FN:17,MockERC20.mint
FNDA:0,MockERC20.mint
DA:18,0
FN:21,MockERC20.burn
FNDA:0,MockERC20.burn
DA:22,0
FNF:3
FNH:0
LF:3
LH:0
BRF:0
BRH:0
end_of_record
TN:
SF:test/mocks/lz/LzEndpointMock.sol
FN:113,LzEndpointMock.send
FNDA:3,LzEndpointMock.send
DA:121,3
BRDA:121,0,0,-
BRDA:121,0,1,3
DA:123,3
DA:125,3
DA:128,3
DA:129,3
BRDA:129,1,0,-
BRDA:129,1,1,3
DA:132,3
DA:133,3
DA:134,3
DA:135,3
BRDA:135,2,0,-
BRDA:135,2,1,3
DA:137,3
DA:140,3
DA:141,3
BRDA:141,3,0,-
BRDA:141,3,1,3
DA:142,3
DA:143,3
BRDA:143,4,0,-
BRDA:143,4,1,3
DA:148,3
DA:149,3
DA:150,3
BRDA:150,5,0,-
BRDA:150,5,1,-
DA:151,0
DA:152,0
BRDA:152,6,0,-
BRDA:152,6,1,-
DA:153,0
DA:157,3
DA:158,3
DA:159,3
FN:162,LzEndpointMock.receivePayload
FNDA:3,LzEndpointMock.receivePayload
DA:170,3
DA:173,3
BRDA:173,7,0,-
BRDA:173,7,1,3
DA:176,3
BRDA:176,8,0,-
BRDA:176,8,1,-
DA:177,0
DA:178,0
DA:182,0
BRDA:182,9,0,-
BRDA:182,9,1,-
DA:184,0
DA:187,0
DA:188,0
DA:192,0
DA:194,0
DA:196,3
BRDA:196,10,0,-
BRDA:196,10,1,3
DA:197,0
DA:198,0
DA:200,0
DA:202,3
FN:213,LzEndpointMock.getInboundNonce
FNDA:0,LzEndpointMock.getInboundNonce
DA:214,0
FN:217,LzEndpointMock.getOutboundNonce
FNDA:0,LzEndpointMock.getOutboundNonce
DA:218,0
FN:221,LzEndpointMock.estimateFees
FNDA:0,LzEndpointMock.estimateFees
DA:228,3
DA:231,3
DA:234,3
DA:235,3
DA:238,3
FN:241,LzEndpointMock.getChainId
FNDA:0,LzEndpointMock.getChainId
DA:242,0
FN:245,LzEndpointMock.retryPayload
FNDA:0,LzEndpointMock.retryPayload
DA:246,0
DA:247,0
BRDA:247,11,0,-
BRDA:247,11,1,-
DA:248,0
BRDA:248,12,0,-
BRDA:248,12,1,-
DA:253,0
DA:255,0
DA:256,0
DA:257,0
DA:259,0
DA:261,0
DA:262,0
FN:265,LzEndpointMock.hasStoredPayload
FNDA:0,LzEndpointMock.hasStoredPayload
DA:266,0
DA:267,0
FN:270,LzEndpointMock.getSendLibraryAddress
FNDA:0,LzEndpointMock.getSendLibraryAddress
DA:271,0
FN:274,LzEndpointMock.getReceiveLibraryAddress
FNDA:0,LzEndpointMock.getReceiveLibraryAddress
DA:275,0
FN:278,LzEndpointMock.isSendingPayload
FNDA:0,LzEndpointMock.isSendingPayload
DA:279,0
FN:282,LzEndpointMock.isReceivingPayload
FNDA:0,LzEndpointMock.isReceivingPayload
DA:283,0
FN:286,LzEndpointMock.getConfig
FNDA:0,LzEndpointMock.getConfig
DA:292,0
FN:295,LzEndpointMock.getSendVersion
FNDA:0,LzEndpointMock.getSendVersion
DA:296,0
FN:299,LzEndpointMock.getReceiveVersion
FNDA:0,LzEndpointMock.getReceiveVersion
DA:300,0
FN:303,LzEndpointMock.setConfig
FNDA:0,LzEndpointMock.setConfig
FN:308,LzEndpointMock.setSendVersion
FNDA:0,LzEndpointMock.setSendVersion
FN:310,LzEndpointMock.setReceiveVersion
FNDA:0,LzEndpointMock.setReceiveVersion
FN:312,LzEndpointMock.forceResumeReceive
FNDA:0,LzEndpointMock.forceResumeReceive
DA:313,0
DA:315,0
BRDA:315,13,0,-
BRDA:315,13,1,-
DA:316,0
BRDA:316,14,0,-
BRDA:316,14,1,-
DA:319,0
DA:320,0
DA:321,0
DA:323,0
DA:326,0
FN:331,LzEndpointMock.getLengthOfQueue
FNDA:0,LzEndpointMock.getLengthOfQueue
DA:332,0
FN:336,LzEndpointMock.blockNextMsg
FNDA:0,LzEndpointMock.blockNextMsg
DA:337,0
FN:340,LzEndpointMock.setDestLzEndpoint
FNDA:0,LzEndpointMock.setDestLzEndpoint
DA:341,0
FN:344,LzEndpointMock.setRelayerPrice
FNDA:0,LzEndpointMock.setRelayerPrice
DA:351,0
DA:352,0
DA:353,0
DA:354,0
DA:355,0
FN:358,LzEndpointMock.setProtocolFee
FNDA:0,LzEndpointMock.setProtocolFee
DA:359,0
DA:360,0
FN:363,LzEndpointMock.setOracleFee
FNDA:0,LzEndpointMock.setOracleFee
DA:364,0
FN:367,LzEndpointMock.setDefaultAdapterParams
FNDA:0,LzEndpointMock.setDefaultAdapterParams
DA:368,0
FN:373,LzEndpointMock._clearMsgQue
FNDA:0,LzEndpointMock._clearMsgQue
DA:374,0
DA:377,0
DA:378,0
DA:379,0
DA:380,0
FN:384,LzEndpointMock._getProtocolFees
FNDA:3,LzEndpointMock._getProtocolFees
DA:389,3
BRDA:389,15,0,-
BRDA:389,15,1,3
DA:390,0
DA:392,3
FN:396,LzEndpointMock._getRelayerFee
FNDA:3,LzEndpointMock._getRelayerFee
DA:403,3
DA:404,3
DA:405,3
BRDA:405,16,0,-
BRDA:405,16,1,-
DA:406,0
BRDA:406,17,0,-
BRDA:406,17,1,-
DA:407,0
DA:410,3
DA:411,3
DA:415,3
DA:418,3
DA:422,3
FNF:29
FNH:4
LF:104
LH:40
BRF:36
BRH:8
end_of_record
